2025-09-09 21:43:00 | INFO | repo=Password-Authenticaton | action=commit
2025-01-11 08:56:00 | WARN | repo=Password-Authenticaton | action=commit
2025-09-16 07:02:00 | INFO | repo=Password-Authenticaton | action=pull
2025-02-17 08:22:00 | DEBUG | repo=Password-Authenticaton | action=test | passed=true
2025-07-14 14:58:00 | DEBUG | repo=Password-Authenticaton | action=commit
2025-08-23 18:06:00 | WARN | repo=Password-Authenticaton | action=test | passed=true
2025-03-23 16:49:00 | WARN | repo=Password-Authenticaton | action=commit
2025-08-23 14:59:00 | DEBUG | repo=Password-Authenticaton | action=test | passed=true
2025-12-03 18:23:00 | WARN | repo=Password-Authenticaton | action=commit
2025-01-05 14:25:00 | INFO | repo=Password-Authenticaton | action=commit
2025-01-03 12:37:00 | DEBUG | repo=Password-Authenticaton | action=commit
2025-01-24 07:23:00 | WARN | repo=Password-Authenticaton | action=commit
2025-10-13 18:38:00 | DEBUG | repo=Password-Authenticaton | action=commit
2025-12-06 20:26:00 | INFO | repo=Password-Authenticaton | action=commit
2025-03-01 11:59:00 | WARN | repo=Password-Authenticaton | action=test | passed=true
2025-01-13 15:59:00 | WARN | repo=Password-Authenticaton | action=commit
2025-10-10 07:13:00 | DEBUG | repo=Password-Authenticaton | action=test | passed=true
2025-10-10 17:53:00 | WARN | repo=Password-Authenticaton | action=pull
2025-07-20 11:55:00 | INFO | repo=Password-Authenticaton | action=commit
2025-06-17 08:46:00 | INFO | repo=Password-Authenticaton | action=commit
2025-01-13 14:11:00 | WARN | repo=Password-Authenticaton | action=commit
2025-08-04 10:24:00 | DEBUG | repo=Password-Authenticaton | action=commit
2025-10-27 18:38:00 | INFO | repo=Password-Authenticaton | action=commit
2025-05-04 16:55:00 | DEBUG | repo=Password-Authenticaton | action=commit
2025-04-17 07:34:00 | DEBUG | repo=Password-Authenticaton | action=commit
2025-12-12 19:12:00 | INFO | repo=Password-Authenticaton | action=test | passed=true
2025-12-28 08:27:00 | DEBUG | repo=Password-Authenticaton | action=pull
2025-07-09 07:30:00 | DEBUG | repo=Password-Authenticaton | action=commit
2025-12-07 11:51:00 | DEBUG | repo=Password-Authenticaton | action=commit
2025-09-08 10:23:00 | INFO | repo=Password-Authenticaton | action=commit
2025-08-06 18:06:00 | INFO | repo=Password-Authenticaton | action=pull
2025-08-23 21:33:00 | WARN | repo=Password-Authenticaton | action=commit
2025-01-23 20:02:00 | DEBUG | repo=Password-Authenticaton | action=commit
2025-01-16 20:52:00 | WARN | repo=Password-Authenticaton | action=commit
2025-07-27 09:22:00 | WARN | repo=Password-Authenticaton | action=commit
2025-11-02 14:06:00 | WARN | repo=Password-Authenticaton | action=test | passed=true
2025-03-15 19:43:00 | WARN | repo=Password-Authenticaton | action=commit
2025-06-28 18:48:00 | DEBUG | repo=Password-Authenticaton | action=commit
2025-09-06 21:57:00 | WARN | repo=Password-Authenticaton | action=commit
2025-06-08 13:09:00 | WARN | repo=Password-Authenticaton | action=test | passed=true
2025-07-16 07:17:00 | DEBUG | repo=Password-Authenticaton | action=test | passed=true
2025-02-17 08:40:00 | WARN | repo=Password-Authenticaton | action=commit
2025-05-17 17:45:00 | INFO | repo=Password-Authenticaton | action=edit | files=4
2025-11-23 17:32:00 | INFO | repo=Password-Authenticaton | action=commit
2025-02-01 17:25:00 | DEBUG | repo=Password-Authenticaton | action=commit
2025-08-27 15:17:00 | DEBUG | repo=Password-Authenticaton | action=pull
2025-01-21 21:18:00 | INFO | repo=Password-Authenticaton | action=commit
2025-08-01 09:08:00 | DEBUG | repo=Password-Authenticaton | action=commit
2025-07-06 12:06:00 | INFO | repo=Password-Authenticaton | action=commit
2025-10-17 18:47:00 | WARN | repo=Password-Authenticaton | action=commit
2025-09-06 15:41:00 | DEBUG | repo=Password-Authenticaton | action=commit
2025-03-17 19:16:00 | INFO | repo=Password-Authenticaton | action=commit
2025-03-06 07:28:00 | INFO | repo=Password-Authenticaton | action=edit | files=3
2025-08-24 21:56:00 | DEBUG | repo=Password-Authenticaton | action=commit
2025-10-02 19:21:00 | DEBUG | repo=Password-Authenticaton | action=commit
2025-08-22 09:25:00 | WARN | repo=Password-Authenticaton | action=commit
2025-05-12 18:44:00 | INFO | repo=Password-Authenticaton | action=commit
2025-05-27 13:25:00 | DEBUG | repo=Password-Authenticaton | action=edit | files=4
2025-09-05 09:35:00 | INFO | repo=Password-Authenticaton | action=commit
2025-12-07 08:14:00 | DEBUG | repo=Password-Authenticaton | action=test | passed=true
2025-08-22 12:10:00 | WARN | repo=Password-Authenticaton | action=commit
2025-04-08 21:29:00 | DEBUG | repo=Password-Authenticaton | action=edit | files=2
2025-12-27 15:37:00 | WARN | repo=Password-Authenticaton | action=commit
2025-03-01 20:16:00 | WARN | repo=Password-Authenticaton | action=commit
2025-03-03 12:47:00 | INFO | repo=Password-Authenticaton | action=commit
2025-08-14 14:23:00 | WARN | repo=Password-Authenticaton | action=commit
2025-04-24 12:45:00 | INFO | repo=Password-Authenticaton | action=commit
2025-03-10 17:12:00 | INFO | repo=Password-Authenticaton | action=commit
2025-03-17 19:54:00 | DEBUG | repo=Password-Authenticaton | action=commit
2025-03-14 11:37:00 | WARN | repo=Password-Authenticaton | action=edit | files=4
2025-02-27 17:11:00 | INFO | repo=Password-Authenticaton | action=commit
2025-04-03 07:07:00 | INFO | repo=Password-Authenticaton | action=commit
2025-10-20 15:16:00 | WARN | repo=Password-Authenticaton | action=edit | files=1
2025-10-11 21:16:00 | DEBUG | repo=Password-Authenticaton | action=edit | files=4
2025-03-18 19:25:00 | INFO | repo=Password-Authenticaton | action=commit
2025-06-01 16:23:00 | WARN | repo=Password-Authenticaton | action=commit
2025-10-19 08:44:00 | WARN | repo=Password-Authenticaton | action=commit
2025-05-25 07:52:00 | DEBUG | repo=Password-Authenticaton | action=commit
2025-01-16 21:54:00 | WARN | repo=Password-Authenticaton | action=commit
2025-04-22 15:45:00 | WARN | repo=Password-Authenticaton | action=edit | files=2
2025-07-16 21:01:00 | INFO | repo=Password-Authenticaton | action=commit
2025-02-18 13:40:00 | DEBUG | repo=Password-Authenticaton | action=commit
2025-09-02 18:52:00 | WARN | repo=Password-Authenticaton | action=commit
2025-06-18 19:54:00 | DEBUG | repo=Password-Authenticaton | action=commit
2025-07-01 12:33:00 | WARN | repo=Password-Authenticaton | action=edit | files=1
2025-08-11 14:03:00 | INFO | repo=Password-Authenticaton | action=commit
2025-03-10 07:17:00 | WARN | repo=Password-Authenticaton | action=edit | files=1
2025-09-02 14:54:00 | INFO | repo=Password-Authenticaton | action=commit
2025-07-26 21:02:00 | WARN | repo=Password-Authenticaton | action=commit
2025-10-26 10:00:00 | INFO | repo=Password-Authenticaton | action=test | passed=true
2025-09-16 14:49:00 | DEBUG | repo=Password-Authenticaton | action=commit
2025-11-20 13:49:00 | DEBUG | repo=Password-Authenticaton | action=commit
2025-07-20 21:19:00 | INFO | repo=Password-Authenticaton | action=commit
2025-09-26 19:46:00 | DEBUG | repo=Password-Authenticaton | action=commit
2025-09-08 11:55:00 | DEBUG | repo=Password-Authenticaton | action=pull
2025-02-12 12:49:00 | WARN | repo=Password-Authenticaton | action=test | passed=true
2025-05-16 18:18:00 | INFO | repo=Password-Authenticaton | action=commit
2026-01-10 08:46:00 | DEBUG | repo=Password-Authenticaton | action=commit
2026-11-04 13:01:00 | INFO | repo=Password-Authenticaton | action=commit
2026-06-09 16:03:00 | INFO | repo=Password-Authenticaton | action=edit | files=4
2026-10-05 21:21:00 | WARN | repo=Password-Authenticaton | action=commit
2026-06-20 10:14:00 | WARN | repo=Password-Authenticaton | action=commit
2026-03-02 19:14:00 | WARN | repo=Password-Authenticaton | action=commit
2026-07-03 07:35:00 | DEBUG | repo=Password-Authenticaton | action=commit
2026-10-04 21:07:00 | DEBUG | repo=Password-Authenticaton | action=commit
2026-04-08 12:16:00 | WARN | repo=Password-Authenticaton | action=edit | files=5
2026-02-11 16:42:00 | DEBUG | repo=Password-Authenticaton | action=commit
2026-04-21 16:30:00 | DEBUG | repo=Password-Authenticaton | action=test | passed=true
2025-08-09 08:35:00 | INFO | repo=Password-Authenticaton | action=commit
2025-02-12 15:30:00 | INFO | repo=Password-Authenticaton | action=commit
2025-08-04 18:02:00 | WARN | repo=Password-Authenticaton | action=commit
2025-02-06 21:20:00 | DEBUG | repo=Password-Authenticaton | action=commit
2025-05-10 08:09:00 | INFO | repo=Password-Authenticaton | action=commit
2025-11-16 08:02:00 | INFO | repo=Password-Authenticaton | action=commit
2025-06-11 07:11:00 | DEBUG | repo=Password-Authenticaton | action=commit
2025-12-20 16:57:00 | DEBUG | repo=Password-Authenticaton | action=commit
2025-04-05 21:22:00 | WARN | repo=Password-Authenticaton | action=commit
2025-03-16 19:20:00 | INFO | repo=Password-Authenticaton | action=commit
2025-07-07 13:47:00 | DEBUG | repo=Password-Authenticaton | action=commit
2025-10-04 12:02:00 | DEBUG | repo=Password-Authenticaton | action=commit
2025-07-17 20:23:00 | DEBUG | repo=Password-Authenticaton | action=commit
2025-03-06 15:15:00 | DEBUG | repo=Password-Authenticaton | action=test | passed=true
2025-05-19 10:01:00 | DEBUG | repo=Password-Authenticaton | action=commit
2025-01-18 20:37:00 | WARN | repo=Password-Authenticaton | action=commit
2025-12-06 08:23:00 | DEBUG | repo=Password-Authenticaton | action=commit
2025-11-06 10:46:00 | WARN | repo=Password-Authenticaton | action=commit
2025-07-05 20:02:00 | DEBUG | repo=Password-Authenticaton | action=commit
2025-03-19 07:57:00 | INFO | repo=Password-Authenticaton | action=commit
2025-04-24 08:08:00 | INFO | repo=Password-Authenticaton | action=commit
2025-06-19 08:46:00 | INFO | repo=Password-Authenticaton | action=commit
2025-06-22 09:46:00 | INFO | repo=Password-Authenticaton | action=commit
2025-10-20 20:44:00 | WARN | repo=Password-Authenticaton | action=commit
2025-02-10 18:01:00 | DEBUG | repo=Password-Authenticaton | action=commit
2025-01-01 14:38:00 | WARN | repo=Password-Authenticaton | action=pull
2025-01-26 07:15:00 | DEBUG | repo=Password-Authenticaton | action=commit
2025-06-26 19:51:00 | WARN | repo=Password-Authenticaton | action=test | passed=true
2025-06-03 14:23:00 | WARN | repo=Password-Authenticaton | action=commit
2025-10-07 07:17:00 | WARN | repo=Password-Authenticaton | action=commit
2025-08-22 18:20:00 | WARN | repo=Password-Authenticaton | action=commit
2025-08-13 17:28:00 | INFO | repo=Password-Authenticaton | action=commit
2025-01-08 12:30:00 | INFO | repo=Password-Authenticaton | action=commit
2025-04-04 21:25:00 | WARN | repo=Password-Authenticaton | action=commit
2025-10-04 18:32:00 | WARN | repo=Password-Authenticaton | action=commit
2025-12-12 19:50:00 | WARN | repo=Password-Authenticaton | action=edit | files=1
2025-04-18 13:07:00 | WARN | repo=Password-Authenticaton | action=commit
2025-12-22 07:49:00 | DEBUG | repo=Password-Authenticaton | action=commit
2025-12-15 18:07:00 | INFO | repo=Password-Authenticaton | action=pull
2025-08-07 18:30:00 | DEBUG | repo=Password-Authenticaton | action=commit
2025-03-02 11:58:00 | INFO | repo=Password-Authenticaton | action=test | passed=true
2025-05-12 16:23:00 | DEBUG | repo=Password-Authenticaton | action=pull
2025-05-09 16:32:00 | DEBUG | repo=Password-Authenticaton | action=edit | files=4
2025-05-08 13:26:00 | WARN | repo=Password-Authenticaton | action=test | passed=true
2025-02-08 09:42:00 | DEBUG | repo=Password-Authenticaton | action=commit
2025-09-19 18:26:00 | INFO | repo=Password-Authenticaton | action=edit | files=1
2025-11-24 15:43:00 | WARN | repo=Password-Authenticaton | action=test | passed=true
2025-08-21 07:31:00 | DEBUG | repo=Password-Authenticaton | action=commit
2025-12-03 19:39:00 | INFO | repo=Password-Authenticaton | action=edit | files=5
2025-09-02 18:50:00 | DEBUG | repo=Password-Authenticaton | action=commit
2025-02-16 09:38:00 | DEBUG | repo=Password-Authenticaton | action=commit
2025-03-07 18:52:00 | WARN | repo=Password-Authenticaton | action=commit
2025-10-12 21:47:00 | DEBUG | repo=Password-Authenticaton | action=pull
2025-06-14 18:41:00 | DEBUG | repo=Password-Authenticaton | action=commit
2025-01-11 11:23:00 | DEBUG | repo=Password-Authenticaton | action=pull
2025-03-23 18:28:00 | DEBUG | repo=Password-Authenticaton | action=pull
2025-06-17 14:05:00 | INFO | repo=Password-Authenticaton | action=commit
2025-10-19 07:34:00 | DEBUG | repo=Password-Authenticaton | action=commit
2025-09-10 15:14:00 | INFO | repo=Password-Authenticaton | action=commit
2025-08-16 09:09:00 | INFO | repo=Password-Authenticaton | action=commit
2025-04-16 07:05:00 | WARN | repo=Password-Authenticaton | action=commit
2025-08-13 08:42:00 | INFO | repo=Password-Authenticaton | action=edit | files=5
2025-12-19 16:53:00 | DEBUG | repo=Password-Authenticaton | action=pull
2025-05-09 20:36:00 | DEBUG | repo=Password-Authenticaton | action=edit | files=3
2025-10-07 08:40:00 | DEBUG | repo=Password-Authenticaton | action=commit
2025-04-28 08:25:00 | WARN | repo=Password-Authenticaton | action=commit
2025-06-06 16:10:00 | WARN | repo=Password-Authenticaton | action=commit
2025-05-05 17:05:00 | INFO | repo=Password-Authenticaton | action=commit
2025-01-05 18:01:00 | WARN | repo=Password-Authenticaton | action=commit
2025-08-07 17:57:00 | DEBUG | repo=Password-Authenticaton | action=commit
2025-03-11 20:21:00 | INFO | repo=Password-Authenticaton | action=test | passed=true
2025-12-01 13:10:00 | DEBUG | repo=Password-Authenticaton | action=commit
2025-02-09 11:25:00 | DEBUG | repo=Password-Authenticaton | action=commit
2024-10-15 20:07:00 | WARN | repo=Password-Authenticaton | action=pull
2024-05-18 19:51:00 | WARN | repo=Password-Authenticaton | action=commit
2024-06-02 10:38:00 | WARN | repo=Password-Authenticaton | action=commit
2024-02-28 19:47:00 | WARN | repo=Password-Authenticaton | action=commit
2025-04-19 17:03:00 | DEBUG | repo=Password-Authenticaton | action=commit
2025-10-23 12:56:00 | INFO | repo=Password-Authenticaton | action=commit
2025-01-07 07:24:00 | WARN | repo=Password-Authenticaton | action=commit
2025-06-15 14:01:00 | INFO | repo=Password-Authenticaton | action=commit
2025-08-11 10:27:00 | WARN | repo=Password-Authenticaton | action=commit
2025-10-22 21:48:00 | DEBUG | repo=Password-Authenticaton | action=commit
2024-02-02 11:32:00 | INFO | repo=Password-Authenticaton | action=commit
2024-02-27 20:39:00 | WARN | repo=Password-Authenticaton | action=commit
2025-03-08 17:03:00 | INFO | repo=Password-Authenticaton | action=commit
2025-06-27 16:25:00 | DEBUG | repo=Password-Authenticaton | action=commit
2024-09-18 15:26:00 | DEBUG | repo=Password-Authenticaton | action=commit
2025-11-17 20:22:00 | WARN | repo=Password-Authenticaton | action=pull
2025-07-07 16:39:00 | INFO | repo=Password-Authenticaton | action=test | passed=true
2024-05-06 21:36:00 | INFO | repo=Password-Authenticaton | action=commit
2024-09-13 19:54:00 | DEBUG | repo=Password-Authenticaton | action=commit
2024-04-12 19:59:00 | WARN | repo=Password-Authenticaton | action=edit | files=3
2025-07-08 07:10:00 | WARN | repo=Password-Authenticaton | action=commit
2025-09-24 14:58:00 | INFO | repo=Password-Authenticaton | action=test | passed=true
2025-07-20 11:06:00 | DEBUG | repo=Password-Authenticaton | action=commit
2025-07-02 18:21:00 | DEBUG | repo=Password-Authenticaton | action=commit
2025-07-08 11:16:00 | WARN | repo=Password-Authenticaton | action=commit
2025-05-04 17:50:00 | DEBUG | repo=Password-Authenticaton | action=commit
2025-08-22 19:24:00 | DEBUG | repo=Password-Authenticaton | action=test | passed=true
2025-08-10 08:34:00 | INFO | repo=Password-Authenticaton | action=commit
2024-12-15 18:34:00 | WARN | repo=Password-Authenticaton | action=commit
2024-08-03 18:43:00 | DEBUG | repo=Password-Authenticaton | action=commit
2024-01-24 20:51:00 | WARN | repo=Password-Authenticaton | action=commit
2024-06-01 21:21:00 | INFO | repo=Password-Authenticaton | action=commit
2025-04-08 08:52:00 | INFO | repo=Password-Authenticaton | action=commit
2025-08-08 11:02:00 | WARN | repo=Password-Authenticaton | action=commit
2024-07-14 18:38:00 | WARN | repo=Password-Authenticaton | action=pull
2024-01-09 12:20:00 | INFO | repo=Password-Authenticaton | action=commit
2024-02-11 13:03:00 | DEBUG | repo=Password-Authenticaton | action=edit | files=2
2025-12-12 13:01:00 | DEBUG | repo=Password-Authenticaton | action=commit
2025-01-20 09:39:00 | INFO | repo=Password-Authenticaton | action=commit
2025-06-08 18:05:00 | WARN | repo=Password-Authenticaton | action=commit
2024-05-11 17:31:00 | WARN | repo=Password-Authenticaton | action=pull
2024-02-15 17:06:00 | INFO | repo=Password-Authenticaton | action=commit
2024-09-28 16:37:00 | DEBUG | repo=Password-Authenticaton | action=pull
2024-09-23 18:55:00 | WARN | repo=Password-Authenticaton | action=test | passed=true
2025-07-24 13:10:00 | WARN | repo=Password-Authenticaton | action=pull
2025-08-21 17:43:00 | WARN | repo=Password-Authenticaton | action=commit
2024-06-12 20:54:00 | WARN | repo=Password-Authenticaton | action=commit
2025-03-05 16:02:00 | WARN | repo=Password-Authenticaton | action=edit | files=5
2024-03-08 19:09:00 | WARN | repo=Password-Authenticaton | action=edit | files=2
2024-03-20 21:41:00 | INFO | repo=Password-Authenticaton | action=commit
2024-10-18 07:52:00 | INFO | repo=Password-Authenticaton | action=test | passed=true
2025-10-23 15:28:00 | WARN | repo=Password-Authenticaton | action=commit
2025-01-18 10:33:00 | WARN | repo=Password-Authenticaton | action=commit
2025-08-02 11:27:00 | INFO | repo=Password-Authenticaton | action=commit
2025-09-07 16:33:00 | WARN | repo=Password-Authenticaton | action=edit | files=5
2025-01-09 07:48:00 | INFO | repo=Password-Authenticaton | action=test | passed=true
2025-10-07 09:39:00 | DEBUG | repo=Password-Authenticaton | action=edit | files=5
2025-07-08 21:58:00 | INFO | repo=Password-Authenticaton | action=commit
2025-11-07 12:45:00 | DEBUG | repo=Password-Authenticaton | action=commit
2025-11-03 18:24:00 | DEBUG | repo=Password-Authenticaton | action=commit
2025-01-25 13:55:00 | DEBUG | repo=Password-Authenticaton | action=commit
2025-06-09 12:09:00 | WARN | repo=Password-Authenticaton | action=pull
2025-02-12 07:16:00 | DEBUG | repo=Password-Authenticaton | action=commit
2025-05-17 18:58:00 | WARN | repo=Password-Authenticaton | action=test | passed=true
2025-03-22 07:25:00 | INFO | repo=Password-Authenticaton | action=edit | files=5
2025-11-26 19:02:00 | DEBUG | repo=Password-Authenticaton | action=test | passed=true
2025-04-26 20:14:00 | WARN | repo=Password-Authenticaton | action=edit | files=3
2025-07-27 07:54:00 | INFO | repo=Password-Authenticaton | action=commit
2025-07-21 10:11:00 | WARN | repo=Password-Authenticaton | action=commit
2025-09-14 08:22:00 | DEBUG | repo=Password-Authenticaton | action=commit
2025-07-25 07:01:00 | WARN | repo=Password-Authenticaton | action=test | passed=true
2025-11-13 11:06:00 | INFO | repo=Password-Authenticaton | action=edit | files=3
2025-06-04 18:05:00 | WARN | repo=Password-Authenticaton | action=test | passed=true
2025-10-25 11:55:00 | DEBUG | repo=Password-Authenticaton | action=pull
2025-03-06 19:24:00 | INFO | repo=Password-Authenticaton | action=commit
2025-10-12 07:36:00 | WARN | repo=Password-Authenticaton | action=commit
2025-06-10 14:58:00 | INFO | repo=Password-Authenticaton | action=test | passed=true
2025-11-13 16:36:00 | INFO | repo=Password-Authenticaton | action=pull
2025-08-02 18:59:00 | DEBUG | repo=Password-Authenticaton | action=commit
2025-11-16 19:27:00 | WARN | repo=Password-Authenticaton | action=pull
2025-07-21 18:40:00 | DEBUG | repo=Password-Authenticaton | action=commit
2025-12-15 21:14:00 | DEBUG | repo=Password-Authenticaton | action=commit
2025-09-24 20:53:00 | DEBUG | repo=Password-Authenticaton | action=commit
2025-07-16 07:01:00 | INFO | repo=Password-Authenticaton | action=commit
2025-10-16 16:54:00 | DEBUG | repo=Password-Authenticaton | action=commit
2025-08-11 12:22:00 | INFO | repo=Password-Authenticaton | action=pull
2025-10-24 21:14:00 | INFO | repo=Password-Authenticaton | action=commit
2025-01-15 12:02:00 | INFO | repo=Password-Authenticaton | action=edit | files=5
2025-08-16 11:15:00 | WARN | repo=Password-Authenticaton | action=commit
2025-07-24 20:51:00 | INFO | repo=Password-Authenticaton | action=commit
2025-11-27 16:37:00 | DEBUG | repo=Password-Authenticaton | action=edit | files=2
2025-06-01 19:38:00 | INFO | repo=Password-Authenticaton | action=commit
2025-10-22 12:25:00 | WARN | repo=Password-Authenticaton | action=commit
2025-04-17 20:17:00 | INFO | repo=Password-Authenticaton | action=commit
2025-08-02 08:29:00 | INFO | repo=Password-Authenticaton | action=pull
2025-10-01 08:56:00 | DEBUG | repo=Password-Authenticaton | action=test | passed=true
2025-06-23 19:15:00 | INFO | repo=Password-Authenticaton | action=commit
2025-07-03 16:39:00 | DEBUG | repo=Password-Authenticaton | action=commit
2025-03-06 12:25:00 | DEBUG | repo=Password-Authenticaton | action=edit | files=5
2025-11-03 08:07:00 | DEBUG | repo=Password-Authenticaton | action=commit
2025-04-24 19:57:00 | WARN | repo=Password-Authenticaton | action=commit
2025-01-21 16:44:00 | INFO | repo=Password-Authenticaton | action=commit
2025-04-26 09:33:00 | INFO | repo=Password-Authenticaton | action=commit
2025-09-17 12:07:00 | DEBUG | repo=Password-Authenticaton | action=edit | files=5
2025-10-19 07:04:00 | INFO | repo=Password-Authenticaton | action=edit | files=5
2025-01-22 16:23:00 | INFO | repo=Password-Authenticaton | action=commit
2025-03-11 09:17:00 | DEBUG | repo=Password-Authenticaton | action=commit
2025-04-12 07:18:00 | DEBUG | repo=Password-Authenticaton | action=pull
2025-02-24 15:01:00 | DEBUG | repo=Password-Authenticaton | action=commit
2025-12-28 11:30:00 | INFO | repo=Password-Authenticaton | action=commit
2025-07-08 07:31:00 | INFO | repo=Password-Authenticaton | action=test | passed=true
2025-01-08 11:41:00 | DEBUG | repo=Password-Authenticaton | action=commit
2025-05-23 08:21:00 | WARN | repo=Password-Authenticaton | action=pull
2025-03-27 12:09:00 | WARN | repo=Password-Authenticaton | action=edit | files=5
2025-01-12 21:02:00 | INFO | repo=Password-Authenticaton | action=edit | files=3
2025-10-24 11:49:00 | INFO | repo=Password-Authenticaton | action=test | passed=true
2025-12-06 18:28:00 | INFO | repo=Password-Authenticaton | action=commit
2025-08-09 11:10:00 | INFO | repo=Password-Authenticaton | action=commit
2025-12-01 20:03:00 | INFO | repo=Password-Authenticaton | action=test | passed=true
2025-06-23 20:55:00 | DEBUG | repo=Password-Authenticaton | action=test | passed=true
2025-01-15 12:53:00 | INFO | repo=Password-Authenticaton | action=commit
2025-07-18 21:32:00 | DEBUG | repo=Password-Authenticaton | action=commit
2025-04-05 15:54:00 | DEBUG | repo=Password-Authenticaton | action=edit | files=3
2025-08-02 15:33:00 | DEBUG | repo=Password-Authenticaton | action=commit
2025-01-03 13:38:00 | WARN | repo=Password-Authenticaton | action=pull
2025-03-01 11:37:00 | INFO | repo=Password-Authenticaton | action=commit
2025-09-01 08:08:00 | DEBUG | repo=Password-Authenticaton | action=commit
2025-12-27 19:06:00 | DEBUG | repo=Password-Authenticaton | action=pull
2025-04-04 20:10:00 | WARN | repo=Password-Authenticaton | action=commit
2025-02-02 16:46:00 | INFO | repo=Password-Authenticaton | action=pull
2025-10-05 12:22:00 | DEBUG | repo=Password-Authenticaton | action=commit
2025-01-02 09:47:00 | DEBUG | repo=Password-Authenticaton | action=commit
2025-10-26 14:22:00 | INFO | repo=Password-Authenticaton | action=commit
2025-12-10 08:56:00 | INFO | repo=Password-Authenticaton | action=pull
2025-07-08 10:05:00 | WARN | repo=Password-Authenticaton | action=commit
2025-10-16 07:35:00 | DEBUG | repo=Password-Authenticaton | action=commit
2025-04-27 20:12:00 | INFO | repo=Password-Authenticaton | action=commit
2025-02-05 08:31:00 | INFO | repo=Password-Authenticaton | action=commit
2025-03-23 15:19:00 | DEBUG | repo=Password-Authenticaton | action=commit
2025-04-23 13:58:00 | WARN | repo=Password-Authenticaton | action=commit
2025-10-24 21:04:00 | INFO | repo=Password-Authenticaton | action=commit
2025-05-12 21:26:00 | DEBUG | repo=Password-Authenticaton | action=commit
2025-04-24 11:05:00 | INFO | repo=Password-Authenticaton | action=commit
2025-11-24 13:47:00 | DEBUG | repo=Password-Authenticaton | action=edit | files=4
2025-12-18 17:51:00 | DEBUG | repo=Password-Authenticaton | action=commit
2025-09-17 08:00:00 | INFO | repo=Password-Authenticaton | action=commit
2025-05-01 10:43:00 | WARN | repo=Password-Authenticaton | action=commit
2025-07-23 13:34:00 | WARN | repo=Password-Authenticaton | action=commit
2025-10-02 07:32:00 | INFO | repo=Password-Authenticaton | action=pull
2025-11-25 08:00:00 | DEBUG | repo=Password-Authenticaton | action=commit
2025-03-09 20:41:00 | DEBUG | repo=Password-Authenticaton | action=test | passed=true
2025-10-15 21:53:00 | INFO | repo=Password-Authenticaton | action=pull
2025-02-02 09:21:00 | WARN | repo=Password-Authenticaton | action=pull
2025-05-14 16:56:00 | DEBUG | repo=Password-Authenticaton | action=commit
2025-01-13 08:46:00 | WARN | repo=Password-Authenticaton | action=commit
2025-10-18 09:31:00 | WARN | repo=Password-Authenticaton | action=pull
2025-10-11 19:29:00 | WARN | repo=Password-Authenticaton | action=test | passed=true
2025-02-24 20:47:00 | INFO | repo=Password-Authenticaton | action=commit
2025-11-13 15:09:00 | WARN | repo=Password-Authenticaton | action=edit | files=4
2025-08-04 07:22:00 | WARN | repo=Password-Authenticaton | action=pull
2025-05-04 15:52:00 | INFO | repo=Password-Authenticaton | action=test | passed=true
2025-10-15 13:37:00 | INFO | repo=Password-Authenticaton | action=commit
2025-11-08 09:25:00 | INFO | repo=Password-Authenticaton | action=commit
2025-05-26 20:50:00 | WARN | repo=Password-Authenticaton | action=commit
2025-02-03 19:26:00 | DEBUG | repo=Password-Authenticaton | action=edit | files=3
2025-02-01 08:05:00 | INFO | repo=Password-Authenticaton | action=commit
2025-12-12 15:40:00 | INFO | repo=Password-Authenticaton | action=test | passed=true
2025-08-07 16:29:00 | WARN | repo=Password-Authenticaton | action=commit
2025-12-17 08:32:00 | DEBUG | repo=Password-Authenticaton | action=edit | files=4
2025-05-11 17:22:00 | WARN | repo=Password-Authenticaton | action=edit | files=3
2025-07-06 13:43:00 | WARN | repo=Password-Authenticaton | action=commit
2025-06-08 15:25:00 | DEBUG | repo=Password-Authenticaton | action=test | passed=true
2025-12-12 13:35:00 | INFO | repo=Password-Authenticaton | action=test | passed=true
2025-08-14 18:23:00 | INFO | repo=Password-Authenticaton | action=commit
2025-09-21 16:36:00 | INFO | repo=Password-Authenticaton | action=test | passed=true
2025-10-10 14:52:00 | DEBUG | repo=Password-Authenticaton | action=pull
2025-02-20 16:50:00 | DEBUG | repo=Password-Authenticaton | action=test | passed=true
2025-03-20 08:01:00 | WARN | repo=Password-Authenticaton | action=test | passed=true
2025-01-19 08:17:00 | DEBUG | repo=Password-Authenticaton | action=commit
2025-08-20 09:28:00 | DEBUG | repo=Password-Authenticaton | action=commit
2025-11-07 09:58:00 | DEBUG | repo=Password-Authenticaton | action=commit
2025-02-01 19:22:00 | WARN | repo=Password-Authenticaton | action=commit
2025-09-06 07:40:00 | DEBUG | repo=Password-Authenticaton | action=pull
2025-05-26 07:47:00 | WARN | repo=Password-Authenticaton | action=commit
2025-09-19 19:31:00 | INFO | repo=Password-Authenticaton | action=commit
2025-08-26 18:54:00 | INFO | repo=Password-Authenticaton | action=commit
2025-12-05 19:47:00 | WARN | repo=Password-Authenticaton | action=commit
2025-06-27 15:16:00 | WARN | repo=Password-Authenticaton | action=commit
2025-07-01 14:02:00 | INFO | repo=Password-Authenticaton | action=pull
2025-12-27 15:59:00 | INFO | repo=Password-Authenticaton | action=commit
2025-02-16 17:17:00 | DEBUG | repo=Password-Authenticaton | action=commit
2025-02-02 09:53:00 | INFO | repo=Password-Authenticaton | action=edit | files=3
2025-07-19 16:07:00 | INFO | repo=Password-Authenticaton | action=commit
2025-09-10 07:38:00 | DEBUG | repo=Password-Authenticaton | action=commit
2025-02-09 15:39:00 | INFO | repo=Password-Authenticaton | action=commit
2025-04-13 19:00:00 | WARN | repo=Password-Authenticaton | action=commit
2025-12-03 08:33:00 | INFO | repo=Password-Authenticaton | action=edit | files=3
2025-08-25 12:32:00 | INFO | repo=Password-Authenticaton | action=commit
2025-10-22 17:17:00 | INFO | repo=Password-Authenticaton | action=commit
2025-03-12 20:06:00 | INFO | repo=Password-Authenticaton | action=commit
2025-10-11 14:59:00 | DEBUG | repo=Password-Authenticaton | action=commit
2025-06-14 13:19:00 | WARN | repo=Password-Authenticaton | action=test | passed=true
2025-11-22 15:29:00 | INFO | repo=Password-Authenticaton | action=commit
2025-06-05 19:17:00 | WARN | repo=Password-Authenticaton | action=test | passed=true
2025-03-21 17:08:00 | DEBUG | repo=Password-Authenticaton | action=commit
2025-12-01 19:31:00 | DEBUG | repo=Password-Authenticaton | action=test | passed=true
2025-07-12 13:04:00 | INFO | repo=Password-Authenticaton | action=commit
2025-03-06 19:34:00 | DEBUG | repo=Password-Authenticaton | action=commit
2025-11-23 10:06:00 | WARN | repo=Password-Authenticaton | action=commit
2025-07-12 10:56:00 | WARN | repo=Password-Authenticaton | action=commit
2025-06-24 10:59:00 | WARN | repo=Password-Authenticaton | action=test | passed=true
2025-07-11 21:08:00 | WARN | repo=Password-Authenticaton | action=commit
2025-09-18 16:13:00 | DEBUG | repo=Password-Authenticaton | action=commit
2025-02-02 15:00:00 | INFO | repo=Password-Authenticaton | action=pull
2025-08-28 12:46:00 | DEBUG | repo=Password-Authenticaton | action=commit
2025-11-08 13:59:00 | DEBUG | repo=Password-Authenticaton | action=commit
2025-06-10T15:34:00 | nonce=15441572019918595910
2025-10-02T18:47:00 | nonce=3287810073025348143
2025-12-18T18:29:00 | nonce=16204109270878999706
2025-08-19T17:08:00 | nonce=4628724825966518219
2025-07-01T19:32:00 | nonce=700982548777516354
2025-10-17T15:57:00 | nonce=3962107848331990691
2025-11-06T19:48:00 | nonce=6660463738629569844
2025-05-28T14:34:00 | nonce=11587285380791537271
2025-06-12T18:41:00 | nonce=4619631229230885016
2025-12-10T12:31:00 | nonce=17280999427390889296
2025-12-02T17:19:00 | nonce=4585908871742257433
2025-04-22T16:43:00 | nonce=1909705419207083236
2025-05-12T19:40:00 | nonce=9426016521680279570
2025-06-04T20:50:00 | nonce=4493228304159200721
2025-03-16T17:08:00 | nonce=5217579005544509199
2025-03-22T18:54:00 | nonce=5161490291139767187
2025-06-03T17:11:00 | nonce=14584648007492772216
2025-06-17T19:42:00 | nonce=10421646384403156301
2025-11-11T20:27:00 | nonce=10072079445626312908
2025-10-19T15:23:00 | nonce=12533451547676246002
2025-11-05T13:35:00 | nonce=15271221899398481126
2024-06-14T13:25:00 | nonce=12298269418338778983
2025-06-27T19:24:00 | nonce=9232429587730403491
2025-04-01T13:15:00 | nonce=2898878814798803721
2024-04-23T17:53:00 | nonce=7709315094128979910
2025-03-13T16:25:00 | nonce=9951288233656251575
2025-12-25T18:29:00 | nonce=18412079259811473059
2024-06-24T12:39:00 | nonce=5340704496583526496
2025-01-14T11:39:00 | nonce=9476260713837283519
2024-01-20T10:59:00 | nonce=3960804799231315679
2024-02-04T19:50:00 | nonce=12521427277391413194
2024-02-08T13:55:00 | nonce=3282529521224745768
2024-03-24T11:52:00 | nonce=5471211121314996471
2024-04-20T10:31:00 | nonce=1835472944679551115
2024-05-06T11:49:00 | nonce=10072019560311982001
2024-09-05T11:05:00 | nonce=10364208346000450363
2024-11-30T17:44:00 | nonce=271588240990281669
2024-12-09T19:35:00 | nonce=1984087896486162649
2025-01-23T15:28:00 | nonce=14725802567737036949
2025-04-10T18:38:00 | nonce=7012523071792930907
2025-03-05T10:48:00 | nonce=14883618932860205983
2025-12-27T17:02:00 | nonce=17982952442626951373
2025-03-25T17:37:00 | nonce=5710176834409304562
2025-03-09T20:16:00 | nonce=4169144988684578131
2025-03-13T14:10:00 | nonce=4833738592319402371
2025-02-24T17:24:00 | nonce=9066892846475361669
2025-12-22T10:57:00 | nonce=8356105468223700309
2025-08-24T18:07:00 | nonce=14982107780827066361
2025-05-28T15:33:00 | nonce=15534175576444288419
2025-02-05T19:25:00 | nonce=12902831319849263362
2025-03-11T18:02:00 | nonce=12981053059656230660
2025-12-03T19:38:00 | nonce=2203431101725739106
2025-09-03T11:22:00 | nonce=17897322768986345438
2025-04-24T14:18:00 | nonce=17417804650513781198
2025-01-20T19:07:00 | nonce=3009698413114382025
